2025-08-01 09:05:45.186 [34mINFO [0;39m [main] c.interviewcoach.BackendApplication - Starting BackendApplication using Java 17.0.8 with PID 4015 (/Users/jsu/Desktop/ga/projects/interview-coach/backend/target/classes started by jsu in /Users/jsu/Desktop/ga/projects/interview-coach/backend)
2025-08-01 09:05:45.187 [39mDEBUG[0;39m [main] c.interviewcoach.BackendApplication - Running with Spring Boot v3.5.4, Spring v6.2.9
2025-08-01 09:05:45.188 [34mINFO [0;39m [main] c.interviewcoach.BackendApplication - No active profile set, falling back to 1 default profile: "default"
2025-08-01 09:05:45.461 [34mINFO [0;39m [main] o.s.d.r.c.RepositoryConfigurationDelegate - Bootstrapping Spring Data JPA repositories in DEFAULT mode.
2025-08-01 09:05:45.481 [34mINFO [0;39m [main] o.s.d.r.c.RepositoryConfigurationDelegate - Finished Spring Data repository scanning in 17 ms. Found 7 JPA repository interfaces.
2025-08-01 09:05:45.644 [34mINFO [0;39m [main] o.s.b.w.e.tomcat.TomcatWebServer - Tomcat initialized with port 8080 (http)
2025-08-01 09:05:45.650 [34mINFO [0;39m [main] o.a.catalina.core.StandardService - Starting service [Tomcat]
2025-08-01 09:05:45.650 [34mINFO [0;39m [main] o.a.catalina.core.StandardEngine - Starting Servlet engine: [Apache Tomcat/10.1.43]
2025-08-01 09:05:45.664 [34mINFO [0;39m [main] o.a.c.c.C.[Tomcat].[localhost].[/] - Initializing Spring embedded WebApplicationContext
2025-08-01 09:05:45.664 [34mINFO [0;39m [main] o.s.b.w.s.c.ServletWebServerApplicationContext - Root WebApplicationContext: initialization completed in 466 ms
2025-08-01 09:05:45.750 [34mINFO [0;39m [main] o.h.jpa.internal.util.LogHelper - HHH000204: Processing PersistenceUnitInfo [name: default]
2025-08-01 09:05:45.762 [34mINFO [0;39m [main] org.hibernate.Version - HHH000412: Hibernate ORM core version 6.6.22.Final
2025-08-01 09:05:45.769 [34mINFO [0;39m [main] o.h.c.i.RegionFactoryInitiator - HHH000026: Second-level cache disabled
2025-08-01 09:05:45.832 [34mINFO [0;39m [main] o.s.o.j.p.SpringPersistenceUnitInfo - No LoadTimeWeaver setup: ignoring JPA class transformer
2025-08-01 09:05:45.840 [34mINFO [0;39m [main] com.zaxxer.hikari.HikariDataSource - HikariPool-1 - Starting...
2025-08-01 09:05:45.895 [34mINFO [0;39m [main] com.zaxxer.hikari.pool.HikariPool - HikariPool-1 - Added connection org.postgresql.jdbc.PgConnection@25f14e93
2025-08-01 09:05:45.896 [34mINFO [0;39m [main] com.zaxxer.hikari.HikariDataSource - HikariPool-1 - Start completed.
2025-08-01 09:05:45.933 [34mINFO [0;39m [main] o.hibernate.orm.connections.pooling - HHH10001005: Database info:
	Database JDBC URL [Connecting through datasource 'HikariDataSource (HikariPool-1)']
	Database driver: undefined/unknown
	Database version: 15.13
	Autocommit mode: undefined/unknown
	Isolation level: undefined/unknown
	Minimum pool size: undefined/unknown
	Maximum pool size: undefined/unknown
2025-08-01 09:05:46.256 [34mINFO [0;39m [main] o.h.e.t.j.p.i.JtaPlatformInitiator - HHH000489: No JTA platform available (set 'hibernate.transaction.jta.platform' to enable JTA platform integration)
2025-08-01 09:05:46.322 [34mINFO [0;39m [main] o.s.o.j.LocalContainerEntityManagerFactoryBean - Initialized JPA EntityManagerFactory for persistence unit 'default'
2025-08-01 09:05:46.417 [34mINFO [0;39m [main] o.s.d.j.r.query.QueryEnhancerFactory - Hibernate is in classpath; If applicable, HQL parser will be used.
2025-08-01 09:05:46.765 [31mWARN [0;39m [main] o.s.b.a.o.j.JpaBaseConfiguration$JpaWebConfiguration - spring.jpa.open-in-view is enabled by default. Therefore, database queries may be performed during view rendering. Explicitly configure spring.jpa.open-in-view to disable this warning
2025-08-01 09:05:46.923 [34mINFO [0;39m [main] o.s.b.a.e.web.EndpointLinksResolver - Exposing 1 endpoint beneath base path '/actuator'
2025-08-01 09:05:46.948 [34mINFO [0;39m [main] o.s.b.w.e.tomcat.TomcatWebServer - Tomcat started on port 8080 (http) with context path '/'
2025-08-01 09:05:46.954 [34mINFO [0;39m [main] c.interviewcoach.BackendApplication - Started BackendApplication in 1.933 seconds (process running for 2.088)
2025-08-01 09:05:47.557 [34mINFO [0;39m [RMI TCP Connection(4)-127.0.0.1] o.a.c.c.C.[Tomcat].[localhost].[/] - Initializing Spring DispatcherServlet 'dispatcherServlet'
2025-08-01 09:05:47.558 [34mINFO [0;39m [RMI TCP Connection(4)-127.0.0.1] o.s.web.servlet.DispatcherServlet - Initializing Servlet 'dispatcherServlet'
2025-08-01 09:05:47.558 [34mINFO [0;39m [RMI TCP Connection(4)-127.0.0.1] o.s.web.servlet.DispatcherServlet - Completed initialization in 0 ms
2025-08-01 09:07:13.706 [39mDEBUG[0;39m [http-nio-8080-exec-2] c.interviewcoach.aop.LoggingAspect - Enter: com.interviewcoach.controller.AuthController.login() with argument[s] = [LoginRequestDto(email=david.smith@example.com, password=password456)]
2025-08-01 09:07:13.706 [39mDEBUG[0;39m [http-nio-8080-exec-2] c.interviewcoach.aop.LoggingAspect - Enter: com.interviewcoach.service.AuthService.login() with argument[s] = [LoginRequestDto(email=david.smith@example.com, password=password456)]
2025-08-01 09:07:13.777 [39mDEBUG[0;39m [http-nio-8080-exec-2] c.interviewcoach.aop.LoggingAspect - Exit: com.interviewcoach.service.AuthService.login() with result = AuthResponseDto(success=true, message=Login Successful, id=2, username=davidsmith, email=david.smith@example.com, role=JOB_SEEKER)
2025-08-01 09:07:13.778 [39mDEBUG[0;39m [http-nio-8080-exec-2] c.interviewcoach.aop.LoggingAspect - Exit: com.interviewcoach.controller.AuthController.login() with result = <200 OK OK,AuthResponseDto(success=true, message=Login Successful, id=2, username=davidsmith, email=david.smith@example.com, role=JOB_SEEKER),[]>
2025-08-01 09:07:13.790 [39mDEBUG[0;39m [http-nio-8080-exec-4] c.interviewcoach.aop.LoggingAspect - Enter: com.interviewcoach.controller.ProfileController.getProfile() with argument[s] = [2]
2025-08-01 09:07:13.790 [39mDEBUG[0;39m [http-nio-8080-exec-4] c.interviewcoach.aop.LoggingAspect - Enter: com.interviewcoach.service.ProfileService.getProfileByUserId() with argument[s] = [2]
2025-08-01 09:07:13.793 [39mDEBUG[0;39m [http-nio-8080-exec-4] c.interviewcoach.aop.LoggingAspect - Exit: com.interviewcoach.service.ProfileService.getProfileByUserId() with result = ProfileResponseDto(id=2, firstName=David, lastName=Smith, phone=null, bio=Experienced Commercial Truck Driver with a clean driving record and a commitment to safe and timely delivery. Proficient in various freight types and routes., resumeText=CDL Class A, HAZMAT endorsement. 10+ years regional and OTR experience. Familiar with ELD and DOT regulations. Strong communication and navigation skills., username=davidsmith, email=david.smith@example.com)
2025-08-01 09:07:13.794 [39mDEBUG[0;39m [http-nio-8080-exec-4] c.interviewcoach.aop.LoggingAspect - Exit: com.interviewcoach.controller.ProfileController.getProfile() with result = <200 OK OK,ProfileResponseDto(id=2, firstName=David, lastName=Smith, phone=null, bio=Experienced Commercial Truck Driver with a clean driving record and a commitment to safe and timely delivery. Proficient in various freight types and routes., resumeText=CDL Class A, HAZMAT endorsement. 10+ years regional and OTR experience. Familiar with ELD and DOT regulations. Strong communication and navigation skills., username=davidsmith, email=david.smith@example.com),[]>
2025-08-01 09:07:13.809 [39mDEBUG[0;39m [http-nio-8080-exec-7] c.interviewcoach.aop.LoggingAspect - Enter: com.interviewcoach.controller.JobApplicationController.getAllJobApplicationsForUser() with argument[s] = [2, Page request [number: 0, size 20, sort: applicationDate: DESC]]
2025-08-01 09:07:13.809 [39mDEBUG[0;39m [http-nio-8080-exec-7] c.interviewcoach.aop.LoggingAspect - Enter: com.interviewcoach.service.JobApplicationService.getAllJobApplicationsForUser() with argument[s] = [2, Page request [number: 0, size 20, sort: applicationDate: DESC]]
2025-08-01 09:07:13.818 [39mDEBUG[0;39m [http-nio-8080-exec-7] c.interviewcoach.aop.LoggingAspect - Exit: com.interviewcoach.service.JobApplicationService.getAllJobApplicationsForUser() with result = Page 1 of 1 containing com.interviewcoach.dto.JobApplicationDto instances
2025-08-01 09:07:13.818 [39mDEBUG[0;39m [http-nio-8080-exec-7] c.interviewcoach.aop.LoggingAspect - Exit: com.interviewcoach.controller.JobApplicationController.getAllJobApplicationsForUser() with result = <200 OK OK,Page 1 of 1 containing com.interviewcoach.dto.JobApplicationDto instances,[]>
2025-08-01 09:07:13.819 [31mWARN [0;39m [http-nio-8080-exec-7] o.s.d.w.c.SpringDataJacksonConfiguration$PageModule$WarningLoggingModifier - Serializing PageImpl instances as-is is not supported, meaning that there is no guarantee about the stability of the resulting JSON structure!
	For a stable JSON structure, please use Spring Data's PagedModel (globally via @EnableSpringDataWebSupport(pageSerializationMode = VIA_DTO))
	or Spring HATEOAS and Spring Data's PagedResourcesAssembler as documented in https://docs.spring.io/spring-data/commons/reference/repositories/core-extensions.html#core.web.pageables.

2025-08-01 09:07:13.822 [39mDEBUG[0;39m [http-nio-8080-exec-8] c.interviewcoach.aop.LoggingAspect - Enter: com.interviewcoach.controller.JobApplicationController.getAllJobApplicationsForUser() with argument[s] = [2, Page request [number: 0, size 20, sort: applicationDate: DESC]]
2025-08-01 09:07:13.822 [39mDEBUG[0;39m [http-nio-8080-exec-8] c.interviewcoach.aop.LoggingAspect - Enter: com.interviewcoach.service.JobApplicationService.getAllJobApplicationsForUser() with argument[s] = [2, Page request [number: 0, size 20, sort: applicationDate: DESC]]
2025-08-01 09:07:13.826 [39mDEBUG[0;39m [http-nio-8080-exec-8] c.interviewcoach.aop.LoggingAspect - Exit: com.interviewcoach.service.JobApplicationService.getAllJobApplicationsForUser() with result = Page 1 of 1 containing com.interviewcoach.dto.JobApplicationDto instances
2025-08-01 09:07:13.826 [39mDEBUG[0;39m [http-nio-8080-exec-8] c.interviewcoach.aop.LoggingAspect - Exit: com.interviewcoach.controller.JobApplicationController.getAllJobApplicationsForUser() with result = <200 OK OK,Page 1 of 1 containing com.interviewcoach.dto.JobApplicationDto instances,[]>
2025-08-01 11:11:22.132 [34mINFO [0;39m [SpringApplicationShutdownHook] o.s.b.w.e.tomcat.GracefulShutdown - Commencing graceful shutdown. Waiting for active requests to complete
2025-08-01 11:11:22.135 [34mINFO [0;39m [tomcat-shutdown] o.s.b.w.e.tomcat.GracefulShutdown - Graceful shutdown complete
2025-08-01 11:11:22.137 [34mINFO [0;39m [SpringApplicationShutdownHook] o.s.o.j.LocalContainerEntityManagerFactoryBean - Closing JPA EntityManagerFactory for persistence unit 'default'
2025-08-01 11:11:22.167 [34mINFO [0;39m [SpringApplicationShutdownHook] com.zaxxer.hikari.HikariDataSource - HikariPool-1 - Shutdown initiated...
2025-08-01 11:11:22.167 [34mINFO [0;39m [SpringApplicationShutdownHook] com.zaxxer.hikari.HikariDataSource - HikariPool-1 - Shutdown completed.
